<?xml version="1.0" encoding="UTF-8"?>
<coverage generated="1652790311883" clover="3.2.0">
  <project timestamp="1652790311883" name="All files">
    <metrics statements="82" coveredstatements="69" conditionals="32" coveredconditionals="20" methods="25" coveredmethods="21" elements="139" coveredelements="110" complexity="0" loc="82" ncloc="82" packages="5" files="7" classes="7"/>
    <package name="src">
      <metrics statements="3" coveredstatements="3" conditionals="0" coveredconditionals="0" methods="2" coveredmethods="2"/>
      <file name="App.tsx" path="/Users/zeng/Documents/interview-assignments/frontend/src/App.tsx">
        <metrics statements="3" coveredstatements="3" conditionals="0" coveredconditionals="0" methods="2" coveredmethods="2"/>
        <line num="10" count="2" type="stmt"/>
        <line num="29" count="2" type="stmt"/>
        <line num="33" count="6" type="stmt"/>
      </file>
    </package>
    <package name="src.components.Carousel">
      <metrics statements="58" coveredstatements="47" conditionals="23" coveredconditionals="13" methods="16" coveredmethods="13"/>
      <file name="Carousel.tsx" path="/Users/zeng/Documents/interview-assignments/frontend/src/components/Carousel/Carousel.tsx">
        <metrics statements="30" coveredstatements="22" conditionals="15" coveredconditionals="7" methods="10" coveredmethods="7"/>
        <line num="27" count="2" type="stmt"/>
        <line num="32" count="11" type="stmt"/>
        <line num="34" count="11" type="stmt"/>
        <line num="35" count="11" type="stmt"/>
        <line num="39" count="11" type="stmt"/>
        <line num="40" count="11" type="stmt"/>
        <line num="41" count="11" type="stmt"/>
        <line num="49" count="11" type="stmt"/>
        <line num="51" count="11" type="stmt"/>
        <line num="52" count="0" type="cond" truecount="0" falsecount="2"/>
        <line num="53" count="0" type="stmt"/>
        <line num="55" count="0" type="cond" truecount="0" falsecount="2"/>
        <line num="56" count="0" type="stmt"/>
        <line num="58" count="0" type="stmt"/>
        <line num="59" count="0" type="stmt"/>
        <line num="63" count="11" type="stmt"/>
        <line num="64" count="7" type="cond" truecount="1" falsecount="1"/>
        <line num="65" count="7" type="stmt"/>
        <line num="68" count="11" type="stmt"/>
        <line num="69" count="0" type="stmt"/>
        <line num="72" count="11" type="stmt"/>
        <line num="73" count="7" type="cond" truecount="1" falsecount="1"/>
        <line num="74" count="0" type="stmt"/>
        <line num="76" count="7" type="stmt"/>
        <line num="77" count="7" type="stmt"/>
        <line num="81" count="11" type="stmt"/>
        <line num="88" count="11" type="stmt"/>
        <line num="91" count="33" type="cond" truecount="1" falsecount="1"/>
        <line num="92" count="33" type="cond" truecount="1" falsecount="1"/>
        <line num="93" count="33" type="stmt"/>
      </file>
      <file name="index.tsx" path="/Users/zeng/Documents/interview-assignments/frontend/src/components/Carousel/index.tsx">
        <metrics statements="3" coveredstatements="3" conditionals="0" coveredconditionals="0" methods="0" coveredmethods="0"/>
        <line num="10" count="1" type="stmt"/>
        <line num="12" count="1" type="stmt"/>
        <line num="14" count="1" type="stmt"/>
      </file>
      <file name="useCarousel.ts" path="/Users/zeng/Documents/interview-assignments/frontend/src/components/Carousel/useCarousel.ts">
        <metrics statements="25" coveredstatements="22" conditionals="8" coveredconditionals="6" methods="6" coveredmethods="6"/>
        <line num="13" count="3" type="stmt"/>
        <line num="17" count="9" type="cond" truecount="2" falsecount="0"/>
        <line num="18" count="5" type="stmt"/>
        <line num="20" count="4" type="stmt"/>
        <line num="21" count="4" type="stmt"/>
        <line num="22" count="4" type="stmt"/>
        <line num="25" count="3" type="stmt"/>
        <line num="27" count="20" type="stmt"/>
        <line num="28" count="20" type="stmt"/>
        <line num="30" count="20" type="stmt"/>
        <line num="31" count="9" type="cond" truecount="1" falsecount="1"/>
        <line num="32" count="0" type="stmt"/>
        <line num="34" count="9" type="cond" truecount="3" falsecount="1"/>
        <line num="35" count="0" type="stmt"/>
        <line num="36" count="0" type="stmt"/>
        <line num="38" count="9" type="stmt"/>
        <line num="39" count="9" type="stmt"/>
        <line num="42" count="20" type="stmt"/>
        <line num="43" count="6" type="stmt"/>
        <line num="44" count="6" type="stmt"/>
        <line num="47" count="20" type="stmt"/>
        <line num="48" count="4" type="stmt"/>
        <line num="51" count="20" type="stmt"/>
        <line num="52" count="2" type="stmt"/>
        <line num="55" count="20" type="stmt"/>
      </file>
    </package>
    <package name="src.components.Carousel.Indicators">
      <metrics statements="8" coveredstatements="6" conditionals="6" coveredconditionals="4" methods="3" coveredmethods="2"/>
      <file name="index.tsx" path="/Users/zeng/Documents/interview-assignments/frontend/src/components/Carousel/Indicators/index.tsx">
        <metrics statements="8" coveredstatements="6" conditionals="6" coveredconditionals="4" methods="3" coveredmethods="2"/>
        <line num="12" count="2" type="stmt"/>
        <line num="13" count="11" type="stmt"/>
        <line num="14" count="11" type="stmt"/>
        <line num="16" count="11" type="cond" truecount="1" falsecount="1"/>
        <line num="17" count="0" type="stmt"/>
        <line num="20" count="11" type="stmt"/>
        <line num="22" count="33" type="stmt"/>
        <line num="24" count="0" type="stmt"/>
      </file>
    </package>
    <package name="src.components.Carousel.Item">
      <metrics statements="3" coveredstatements="3" conditionals="0" coveredconditionals="0" methods="1" coveredmethods="1"/>
      <file name="index.tsx" path="/Users/zeng/Documents/interview-assignments/frontend/src/components/Carousel/Item/index.tsx">
        <metrics statements="3" coveredstatements="3" conditionals="0" coveredconditionals="0" methods="1" coveredmethods="1"/>
        <line num="14" count="2" type="stmt"/>
        <line num="15" count="33" type="stmt"/>
        <line num="17" count="33" type="stmt"/>
      </file>
    </package>
    <package name="src.hooks">
      <metrics statements="10" coveredstatements="10" conditionals="3" coveredconditionals="3" methods="3" coveredmethods="3"/>
      <file name="useRect.ts" path="/Users/zeng/Documents/interview-assignments/frontend/src/hooks/useRect.ts">
        <metrics statements="10" coveredstatements="10" conditionals="3" coveredconditionals="3" methods="3" coveredmethods="3"/>
        <line num="3" count="3" type="cond" truecount="1" falsecount="0"/>
        <line num="4" count="14" type="stmt"/>
        <line num="7" count="14" type="stmt"/>
        <line num="9" count="14" type="stmt"/>
        <line num="10" count="5" type="stmt"/>
        <line num="11" count="5" type="cond" truecount="2" falsecount="0"/>
        <line num="12" count="4" type="stmt"/>
        <line num="19" count="14" type="stmt"/>
        <line num="20" count="5" type="stmt"/>
        <line num="23" count="14" type="stmt"/>
      </file>
    </package>
  </project>
</coverage>
