{"/Users/zeng/Documents/interview-assignments/frontend/src/App.tsx": {"path":"/Users/zeng/Documents/interview-assignments/frontend/src/App.tsx","statementMap":{"0":{"start":{"line":10,"column":18},"end":{"line":27,"column":3}},"1":{"start":{"line":29,"column":2},"end":{"line":42,"column":3}},"2":{"start":{"line":33,"column":10},"end":{"line":38,"column":26}}},"fnMap":{"0":{"name":"App","decl":{"start":{"line":9,"column":9},"end":{"line":9,"column":12}},"loc":{"start":{"line":9,"column":15},"end":{"line":43,"column":1}},"line":9},"1":{"name":"(anonymous_1)","decl":{"start":{"line":32,"column":21},"end":{"line":32,"column":22}},"loc":{"start":{"line":32,"column":38},"end":{"line":39,"column":9}},"line":32}},"branchMap":{},"s":{"0":2,"1":2,"2":6},"f":{"0":2,"1":6},"b":{},"_coverageSchema":"1a1c01bbd47fc00a2c39e90264f33305004495a9","hash":"f599c0cc968f98c33f23d39fbc01d31da2767737"}
,"/Users/zeng/Documents/interview-assignments/frontend/src/components/Carousel/Carousel.tsx": {"path":"/Users/zeng/Documents/interview-assignments/frontend/src/components/Carousel/Carousel.tsx","statementMap":{"0":{"start":{"line":27,"column":17},"end":{"line":98,"column":2}},"1":{"start":{"line":32,"column":6},"end":{"line":32,"column":11}},"2":{"start":{"line":34,"column":22},"end":{"line":34,"column":72}},"3":{"start":{"line":35,"column":16},"end":{"line":37,"column":4}},"4":{"start":{"line":35,"column":30},"end":{"line":35,"column":66}},"5":{"start":{"line":39,"column":30},"end":{"line":39,"column":62}},"6":{"start":{"line":40,"column":20},"end":{"line":40,"column":39}},"7":{"start":{"line":41,"column":24},"end":{"line":41,"column":52}},"8":{"start":{"line":49,"column":6},"end":{"line":49,"column":55}},"9":{"start":{"line":51,"column":17},"end":{"line":61,"column":3}},"10":{"start":{"line":52,"column":4},"end":{"line":54,"column":5}},"11":{"start":{"line":53,"column":6},"end":{"line":53,"column":12}},"12":{"start":{"line":55,"column":4},"end":{"line":57,"column":5}},"13":{"start":{"line":56,"column":6},"end":{"line":56,"column":12}},"14":{"start":{"line":58,"column":4},"end":{"line":60,"column":16}},"15":{"start":{"line":59,"column":6},"end":{"line":59,"column":12}},"16":{"start":{"line":63,"column":18},"end":{"line":66,"column":3}},"17":{"start":{"line":64,"column":4},"end":{"line":64,"column":60}},"18":{"start":{"line":65,"column":4},"end":{"line":65,"column":30}},"19":{"start":{"line":68,"column":28},"end":{"line":70,"column":3}},"20":{"start":{"line":69,"column":4},"end":{"line":69,"column":15}},"21":{"start":{"line":72,"column":2},"end":{"line":79,"column":27}},"22":{"start":{"line":73,"column":4},"end":{"line":75,"column":5}},"23":{"start":{"line":74,"column":6},"end":{"line":74,"column":14}},"24":{"start":{"line":76,"column":4},"end":{"line":78,"column":5}},"25":{"start":{"line":77,"column":6},"end":{"line":77,"column":15}},"26":{"start":{"line":81,"column":2},"end":{"line":86,"column":5}},"27":{"start":{"line":81,"column":33},"end":{"line":86,"column":3}},"28":{"start":{"line":88,"column":2},"end":{"line":97,"column":9}},"29":{"start":{"line":91,"column":8},"end":{"line":91,"column":53}},"30":{"start":{"line":91,"column":42},"end":{"line":91,"column":53}},"31":{"start":{"line":92,"column":8},"end":{"line":92,"column":52}},"32":{"start":{"line":92,"column":41},"end":{"line":92,"column":52}},"33":{"start":{"line":93,"column":8},"end":{"line":93,"column":60}}},"fnMap":{"0":{"name":"(anonymous_0)","decl":{"start":{"line":27,"column":62},"end":{"line":27,"column":63}},"loc":{"start":{"line":27,"column":78},"end":{"line":98,"column":1}},"line":27},"1":{"name":"(anonymous_1)","decl":{"start":{"line":35,"column":24},"end":{"line":35,"column":25}},"loc":{"start":{"line":35,"column":30},"end":{"line":35,"column":66}},"line":35},"2":{"name":"(anonymous_2)","decl":{"start":{"line":51,"column":17},"end":{"line":51,"column":18}},"loc":{"start":{"line":51,"column":23},"end":{"line":61,"column":3}},"line":51},"3":{"name":"(anonymous_3)","decl":{"start":{"line":58,"column":37},"end":{"line":58,"column":38}},"loc":{"start":{"line":58,"column":43},"end":{"line":60,"column":5}},"line":58},"4":{"name":"(anonymous_4)","decl":{"start":{"line":63,"column":18},"end":{"line":63,"column":19}},"loc":{"start":{"line":63,"column":24},"end":{"line":66,"column":3}},"line":63},"5":{"name":"(anonymous_5)","decl":{"start":{"line":68,"column":28},"end":{"line":68,"column":29}},"loc":{"start":{"line":68,"column":47},"end":{"line":70,"column":3}},"line":68},"6":{"name":"(anonymous_6)","decl":{"start":{"line":72,"column":12},"end":{"line":72,"column":13}},"loc":{"start":{"line":72,"column":18},"end":{"line":79,"column":3}},"line":72},"7":{"name":"(anonymous_7)","decl":{"start":{"line":76,"column":11},"end":{"line":76,"column":12}},"loc":{"start":{"line":76,"column":17},"end":{"line":78,"column":5}},"line":76},"8":{"name":"(anonymous_8)","decl":{"start":{"line":81,"column":27},"end":{"line":81,"column":28}},"loc":{"start":{"line":81,"column":33},"end":{"line":86,"column":3}},"line":81},"9":{"name":"(anonymous_9)","decl":{"start":{"line":90,"column":42},"end":{"line":90,"column":43}},"loc":{"start":{"line":90,"column":53},"end":{"line":94,"column":7}},"line":90}},"branchMap":{"0":{"loc":{"start":{"line":29,"column":4},"end":{"line":29,"column":19}},"type":"default-arg","locations":[{"start":{"line":29,"column":15},"end":{"line":29,"column":19}}],"line":29},"1":{"loc":{"start":{"line":30,"column":4},"end":{"line":30,"column":18}},"type":"default-arg","locations":[{"start":{"line":30,"column":14},"end":{"line":30,"column":18}}],"line":30},"2":{"loc":{"start":{"line":31,"column":4},"end":{"line":31,"column":18}},"type":"default-arg","locations":[{"start":{"line":31,"column":15},"end":{"line":31,"column":18}}],"line":31},"3":{"loc":{"start":{"line":52,"column":4},"end":{"line":54,"column":5}},"type":"if","locations":[{"start":{"line":52,"column":4},"end":{"line":54,"column":5}},{"start":{},"end":{}}],"line":52},"4":{"loc":{"start":{"line":55,"column":4},"end":{"line":57,"column":5}},"type":"if","locations":[{"start":{"line":55,"column":4},"end":{"line":57,"column":5}},{"start":{},"end":{}}],"line":55},"5":{"loc":{"start":{"line":64,"column":4},"end":{"line":64,"column":60}},"type":"binary-expr","locations":[{"start":{"line":64,"column":4},"end":{"line":64,"column":23}},{"start":{"line":64,"column":27},"end":{"line":64,"column":60}}],"line":64},"6":{"loc":{"start":{"line":73,"column":4},"end":{"line":75,"column":5}},"type":"if","locations":[{"start":{"line":73,"column":4},"end":{"line":75,"column":5}},{"start":{},"end":{}}],"line":73},"7":{"loc":{"start":{"line":91,"column":8},"end":{"line":91,"column":53}},"type":"if","locations":[{"start":{"line":91,"column":8},"end":{"line":91,"column":53}},{"start":{},"end":{}}],"line":91},"8":{"loc":{"start":{"line":92,"column":8},"end":{"line":92,"column":52}},"type":"if","locations":[{"start":{"line":92,"column":8},"end":{"line":92,"column":52}},{"start":{},"end":{}}],"line":92}},"s":{"0":2,"1":11,"2":11,"3":11,"4":4,"5":11,"6":11,"7":11,"8":11,"9":11,"10":0,"11":0,"12":0,"13":0,"14":0,"15":0,"16":11,"17":7,"18":7,"19":11,"20":0,"21":11,"22":7,"23":0,"24":7,"25":7,"26":11,"27":8,"28":11,"29":33,"30":0,"31":33,"32":0,"33":33},"f":{"0":11,"1":4,"2":0,"3":0,"4":7,"5":0,"6":7,"7":7,"8":8,"9":33},"b":{"0":[11],"1":[11],"2":[11],"3":[0,0],"4":[0,0],"5":[7,0],"6":[0,7],"7":[0,33],"8":[0,33]},"_coverageSchema":"1a1c01bbd47fc00a2c39e90264f33305004495a9","hash":"5a42d741f6f9545e3ec298e5cc9697c2fdc91e22"}
,"/Users/zeng/Documents/interview-assignments/frontend/src/components/Carousel/index.tsx": {"path":"/Users/zeng/Documents/interview-assignments/frontend/src/components/Carousel/index.tsx","statementMap":{"0":{"start":{"line":10,"column":20},"end":{"line":10,"column":48}},"1":{"start":{"line":12,"column":0},"end":{"line":12,"column":31}},"2":{"start":{"line":14,"column":20},"end":{"line":14,"column":32}}},"fnMap":{},"branchMap":{},"s":{"0":1,"1":1,"2":1},"f":{},"b":{},"_coverageSchema":"1a1c01bbd47fc00a2c39e90264f33305004495a9","hash":"96393943f551b42d4958aa11e8987b9b93c3633f"}
,"/Users/zeng/Documents/interview-assignments/frontend/src/components/Carousel/useCarousel.ts": {"path":"/Users/zeng/Documents/interview-assignments/frontend/src/components/Carousel/useCarousel.ts","statementMap":{"0":{"start":{"line":13,"column":17},"end":{"line":23,"column":1}},"1":{"start":{"line":17,"column":2},"end":{"line":19,"column":3}},"2":{"start":{"line":18,"column":4},"end":{"line":18,"column":10}},"3":{"start":{"line":20,"column":21},"end":{"line":20,"column":28}},"4":{"start":{"line":21,"column":2},"end":{"line":21,"column":58}},"5":{"start":{"line":22,"column":2},"end":{"line":22,"column":49}},"6":{"start":{"line":25,"column":20},"end":{"line":62,"column":1}},"7":{"start":{"line":27,"column":32},"end":{"line":27,"column":43}},"8":{"start":{"line":28,"column":22},"end":{"line":28,"column":50}},"9":{"start":{"line":30,"column":15},"end":{"line":40,"column":3}},"10":{"start":{"line":31,"column":4},"end":{"line":33,"column":5}},"11":{"start":{"line":32,"column":6},"end":{"line":32,"column":12}},"12":{"start":{"line":34,"column":4},"end":{"line":37,"column":5}},"13":{"start":{"line":35,"column":6},"end":{"line":35,"column":41}},"14":{"start":{"line":36,"column":6},"end":{"line":36,"column":12}},"15":{"start":{"line":38,"column":4},"end":{"line":38,"column":22}},"16":{"start":{"line":39,"column":4},"end":{"line":39,"column":69}},"17":{"start":{"line":42,"column":15},"end":{"line":45,"column":3}},"18":{"start":{"line":43,"column":18},"end":{"line":43,"column":47}},"19":{"start":{"line":44,"column":4},"end":{"line":44,"column":15}},"20":{"start":{"line":47,"column":15},"end":{"line":49,"column":3}},"21":{"start":{"line":48,"column":4},"end":{"line":48,"column":11}},"22":{"start":{"line":51,"column":15},"end":{"line":53,"column":3}},"23":{"start":{"line":52,"column":4},"end":{"line":52,"column":12}},"24":{"start":{"line":55,"column":2},"end":{"line":61,"column":3}}},"fnMap":{"0":{"name":"(anonymous_0)","decl":{"start":{"line":13,"column":17},"end":{"line":13,"column":18}},"loc":{"start":{"line":16,"column":5},"end":{"line":23,"column":1}},"line":16},"1":{"name":"(anonymous_1)","decl":{"start":{"line":25,"column":20},"end":{"line":25,"column":21}},"loc":{"start":{"line":25,"column":59},"end":{"line":62,"column":1}},"line":25},"2":{"name":"(anonymous_2)","decl":{"start":{"line":30,"column":15},"end":{"line":30,"column":16}},"loc":{"start":{"line":30,"column":34},"end":{"line":40,"column":3}},"line":30},"3":{"name":"(anonymous_3)","decl":{"start":{"line":42,"column":15},"end":{"line":42,"column":16}},"loc":{"start":{"line":42,"column":38},"end":{"line":45,"column":3}},"line":42},"4":{"name":"(anonymous_4)","decl":{"start":{"line":47,"column":15},"end":{"line":47,"column":16}},"loc":{"start":{"line":47,"column":21},"end":{"line":49,"column":3}},"line":47},"5":{"name":"(anonymous_5)","decl":{"start":{"line":51,"column":15},"end":{"line":51,"column":16}},"loc":{"start":{"line":51,"column":21},"end":{"line":53,"column":3}},"line":51}},"branchMap":{"0":{"loc":{"start":{"line":17,"column":2},"end":{"line":19,"column":3}},"type":"if","locations":[{"start":{"line":17,"column":2},"end":{"line":19,"column":3}},{"start":{},"end":{}}],"line":17},"1":{"loc":{"start":{"line":31,"column":4},"end":{"line":33,"column":5}},"type":"if","locations":[{"start":{"line":31,"column":4},"end":{"line":33,"column":5}},{"start":{},"end":{}}],"line":31},"2":{"loc":{"start":{"line":34,"column":4},"end":{"line":37,"column":5}},"type":"if","locations":[{"start":{"line":34,"column":4},"end":{"line":37,"column":5}},{"start":{},"end":{}}],"line":34},"3":{"loc":{"start":{"line":34,"column":7},"end":{"line":34,"column":34}},"type":"binary-expr","locations":[{"start":{"line":34,"column":7},"end":{"line":34,"column":16}},{"start":{"line":34,"column":20},"end":{"line":34,"column":34}}],"line":34}},"s":{"0":3,"1":9,"2":5,"3":4,"4":4,"5":4,"6":3,"7":20,"8":20,"9":20,"10":9,"11":0,"12":9,"13":0,"14":0,"15":9,"16":9,"17":20,"18":6,"19":6,"20":20,"21":4,"22":20,"23":2,"24":20},"f":{"0":9,"1":20,"2":9,"3":6,"4":4,"5":2},"b":{"0":[5,4],"1":[0,9],"2":[0,9],"3":[9,9]},"_coverageSchema":"1a1c01bbd47fc00a2c39e90264f33305004495a9","hash":"bcb2b07bde5430f0b5b29d10bd2e4925ba6c8019"}
,"/Users/zeng/Documents/interview-assignments/frontend/src/components/Carousel/Indicators/index.tsx": {"path":"/Users/zeng/Documents/interview-assignments/frontend/src/components/Carousel/Indicators/index.tsx","statementMap":{"0":{"start":{"line":12,"column":19},"end":{"line":35,"column":1}},"1":{"start":{"line":13,"column":47},"end":{"line":13,"column":52}},"2":{"start":{"line":14,"column":24},"end":{"line":14,"column":52}},"3":{"start":{"line":16,"column":2},"end":{"line":18,"column":3}},"4":{"start":{"line":17,"column":4},"end":{"line":17,"column":15}},"5":{"start":{"line":20,"column":2},"end":{"line":34,"column":9}},"6":{"start":{"line":22,"column":6},"end":{"line":32,"column":16}},"7":{"start":{"line":24,"column":23},"end":{"line":24,"column":38}}},"fnMap":{"0":{"name":"(anonymous_0)","decl":{"start":{"line":12,"column":19},"end":{"line":12,"column":20}},"loc":{"start":{"line":12,"column":55},"end":{"line":35,"column":1}},"line":12},"1":{"name":"(anonymous_1)","decl":{"start":{"line":21,"column":37},"end":{"line":21,"column":38}},"loc":{"start":{"line":22,"column":6},"end":{"line":32,"column":16}},"line":22},"2":{"name":"(anonymous_2)","decl":{"start":{"line":24,"column":17},"end":{"line":24,"column":18}},"loc":{"start":{"line":24,"column":23},"end":{"line":24,"column":38}},"line":24}},"branchMap":{"0":{"loc":{"start":{"line":16,"column":2},"end":{"line":18,"column":3}},"type":"if","locations":[{"start":{"line":16,"column":2},"end":{"line":18,"column":3}},{"start":{},"end":{}}],"line":16},"1":{"loc":{"start":{"line":25,"column":19},"end":{"line":27,"column":33}},"type":"cond-expr","locations":[{"start":{"line":26,"column":12},"end":{"line":26,"column":60}},{"start":{"line":27,"column":12},"end":{"line":27,"column":33}}],"line":25},"2":{"loc":{"start":{"line":28,"column":13},"end":{"line":30,"column":58}},"type":"cond-expr","locations":[{"start":{"line":29,"column":16},"end":{"line":29,"column":59}},{"start":{"line":30,"column":16},"end":{"line":30,"column":58}}],"line":28}},"s":{"0":2,"1":11,"2":11,"3":11,"4":0,"5":11,"6":33,"7":0},"f":{"0":11,"1":33,"2":0},"b":{"0":[0,11],"1":[11,22],"2":[33,0]},"_coverageSchema":"1a1c01bbd47fc00a2c39e90264f33305004495a9","hash":"a2b2871be0802eaa79b2f800d59ffce4fd88b4a2"}
,"/Users/zeng/Documents/interview-assignments/frontend/src/components/Carousel/Item/index.tsx": {"path":"/Users/zeng/Documents/interview-assignments/frontend/src/components/Carousel/Item/index.tsx","statementMap":{"0":{"start":{"line":14,"column":22},"end":{"line":20,"column":1}},"1":{"start":{"line":15,"column":30},"end":{"line":15,"column":35}},"2":{"start":{"line":17,"column":2},"end":{"line":19,"column":9}}},"fnMap":{"0":{"name":"(anonymous_0)","decl":{"start":{"line":14,"column":22},"end":{"line":14,"column":23}},"loc":{"start":{"line":14,"column":52},"end":{"line":20,"column":1}},"line":14}},"branchMap":{},"s":{"0":2,"1":33,"2":33},"f":{"0":33},"b":{},"_coverageSchema":"1a1c01bbd47fc00a2c39e90264f33305004495a9","hash":"9b369881aa6718e863109f1825f63483260c79d3"}
,"/Users/zeng/Documents/interview-assignments/frontend/src/hooks/useRect.ts": {"path":"/Users/zeng/Documents/interview-assignments/frontend/src/hooks/useRect.ts","statementMap":{"0":{"start":{"line":3,"column":16},"end":{"line":27,"column":1}},"1":{"start":{"line":4,"column":26},"end":{"line":6,"column":4}},"2":{"start":{"line":7,"column":20},"end":{"line":7,"column":35}},"3":{"start":{"line":9,"column":21},"end":{"line":17,"column":3}},"4":{"start":{"line":10,"column":17},"end":{"line":10,"column":59}},"5":{"start":{"line":11,"column":4},"end":{"line":16,"column":5}},"6":{"start":{"line":12,"column":6},"end":{"line":15,"column":8}},"7":{"start":{"line":19,"column":2},"end":{"line":21,"column":11}},"8":{"start":{"line":20,"column":4},"end":{"line":20,"column":17}},"9":{"start":{"line":23,"column":2},"end":{"line":26,"column":3}}},"fnMap":{"0":{"name":"(anonymous_0)","decl":{"start":{"line":3,"column":16},"end":{"line":3,"column":17}},"loc":{"start":{"line":3,"column":76},"end":{"line":27,"column":1}},"line":3},"1":{"name":"(anonymous_1)","decl":{"start":{"line":9,"column":21},"end":{"line":9,"column":22}},"loc":{"start":{"line":9,"column":27},"end":{"line":17,"column":3}},"line":9},"2":{"name":"(anonymous_2)","decl":{"start":{"line":19,"column":12},"end":{"line":19,"column":13}},"loc":{"start":{"line":19,"column":18},"end":{"line":21,"column":3}},"line":19}},"branchMap":{"0":{"loc":{"start":{"line":3,"column":40},"end":{"line":3,"column":71}},"type":"default-arg","locations":[{"start":{"line":3,"column":69},"end":{"line":3,"column":71}}],"line":3},"1":{"loc":{"start":{"line":11,"column":4},"end":{"line":16,"column":5}},"type":"if","locations":[{"start":{"line":11,"column":4},"end":{"line":16,"column":5}},{"start":{},"end":{}}],"line":11}},"s":{"0":3,"1":14,"2":14,"3":14,"4":5,"5":5,"6":4,"7":14,"8":5,"9":14},"f":{"0":14,"1":5,"2":5},"b":{"0":[3],"1":[4,1]},"_coverageSchema":"1a1c01bbd47fc00a2c39e90264f33305004495a9","hash":"4391769761048982cdfbd37660891470cb46554d"}
}
