TN:
SF:src/App.tsx
FN:9,App
FN:32,(anonymous_1)
FNF:2
FNH:2
FNDA:2,App
FNDA:6,(anonymous_1)
DA:10,2
DA:29,2
DA:33,6
LF:3
LH:3
BRF:0
BRH:0
end_of_record
TN:
SF:src/components/Carousel/Carousel.tsx
FN:27,(anonymous_0)
FN:35,(anonymous_1)
FN:51,(anonymous_2)
FN:58,(anonymous_3)
FN:63,(anonymous_4)
FN:68,(anonymous_5)
FN:72,(anonymous_6)
FN:76,(anonymous_7)
FN:81,(anonymous_8)
FN:90,(anonymous_9)
FNF:10
FNH:7
FNDA:11,(anonymous_0)
FNDA:4,(anonymous_1)
FNDA:0,(anonymous_2)
FNDA:0,(anonymous_3)
FNDA:7,(anonymous_4)
FNDA:0,(anonymous_5)
FNDA:7,(anonymous_6)
FNDA:7,(anonymous_7)
FNDA:8,(anonymous_8)
FNDA:33,(anonymous_9)
DA:27,2
DA:32,11
DA:34,11
DA:35,11
DA:39,11
DA:40,11
DA:41,11
DA:49,11
DA:51,11
DA:52,0
DA:53,0
DA:55,0
DA:56,0
DA:58,0
DA:59,0
DA:63,11
DA:64,7
DA:65,7
DA:68,11
DA:69,0
DA:72,11
DA:73,7
DA:74,0
DA:76,7
DA:77,7
DA:81,11
DA:88,11
DA:91,33
DA:92,33
DA:93,33
LF:30
LH:22
BRDA:29,0,0,11
BRDA:30,1,0,11
BRDA:31,2,0,11
BRDA:52,3,0,0
BRDA:52,3,1,0
BRDA:55,4,0,0
BRDA:55,4,1,0
BRDA:64,5,0,7
BRDA:64,5,1,0
BRDA:73,6,0,0
BRDA:73,6,1,7
BRDA:91,7,0,0
BRDA:91,7,1,33
BRDA:92,8,0,0
BRDA:92,8,1,33
BRF:15
BRH:7
end_of_record
TN:
SF:src/components/Carousel/index.tsx
FNF:0
FNH:0
DA:10,1
DA:12,1
DA:14,1
LF:3
LH:3
BRF:0
BRH:0
end_of_record
TN:
SF:src/components/Carousel/useCarousel.ts
FN:13,(anonymous_0)
FN:25,(anonymous_1)
FN:30,(anonymous_2)
FN:42,(anonymous_3)
FN:47,(anonymous_4)
FN:51,(anonymous_5)
FNF:6
FNH:6
FNDA:9,(anonymous_0)
FNDA:20,(anonymous_1)
FNDA:9,(anonymous_2)
FNDA:6,(anonymous_3)
FNDA:4,(anonymous_4)
FNDA:2,(anonymous_5)
DA:13,3
DA:17,9
DA:18,5
DA:20,4
DA:21,4
DA:22,4
DA:25,3
DA:27,20
DA:28,20
DA:30,20
DA:31,9
DA:32,0
DA:34,9
DA:35,0
DA:36,0
DA:38,9
DA:39,9
DA:42,20
DA:43,6
DA:44,6
DA:47,20
DA:48,4
DA:51,20
DA:52,2
DA:55,20
LF:25
LH:22
BRDA:17,0,0,5
BRDA:17,0,1,4
BRDA:31,1,0,0
BRDA:31,1,1,9
BRDA:34,2,0,0
BRDA:34,2,1,9
BRDA:34,3,0,9
BRDA:34,3,1,9
BRF:8
BRH:6
end_of_record
TN:
SF:src/components/Carousel/Indicators/index.tsx
FN:12,(anonymous_0)
FN:21,(anonymous_1)
FN:24,(anonymous_2)
FNF:3
FNH:2
FNDA:11,(anonymous_0)
FNDA:33,(anonymous_1)
FNDA:0,(anonymous_2)
DA:12,2
DA:13,11
DA:14,11
DA:16,11
DA:17,0
DA:20,11
DA:22,33
DA:24,0
LF:8
LH:6
BRDA:16,0,0,0
BRDA:16,0,1,11
BRDA:25,1,0,11
BRDA:25,1,1,22
BRDA:28,2,0,33
BRDA:28,2,1,0
BRF:6
BRH:4
end_of_record
TN:
SF:src/components/Carousel/Item/index.tsx
FN:14,(anonymous_0)
FNF:1
FNH:1
FNDA:33,(anonymous_0)
DA:14,2
DA:15,33
DA:17,33
LF:3
LH:3
BRF:0
BRH:0
end_of_record
TN:
SF:src/hooks/useRect.ts
FN:3,(anonymous_0)
FN:9,(anonymous_1)
FN:19,(anonymous_2)
FNF:3
FNH:3
FNDA:14,(anonymous_0)
FNDA:5,(anonymous_1)
FNDA:5,(anonymous_2)
DA:3,3
DA:4,14
DA:7,14
DA:9,14
DA:10,5
DA:11,5
DA:12,4
DA:19,14
DA:20,5
DA:23,14
LF:10
LH:10
BRDA:3,0,0,3
BRDA:11,1,0,4
BRDA:11,1,1,1
BRF:3
BRH:3
end_of_record
